<?xml version="1.0" encoding="UTF-8"?>
<!-- Generated by org.testng.reporters.JUnitXMLReporter -->
<testsuite ignored="0" hostname="Man-Wonders" failures="0" tests="4" name="Default test" time="4.103" errors="0" timestamp="2024-07-03T09:40:10 GMT">
  <testcase classname="day1.HTTPRequest" name="testGetUsers" time="2.234"/>
  <testcase classname="day1.HTTPRequest" name="createUser" time="0.797"/>
  <testcase classname="day1.HTTPRequest" name="updateUser" time="0.489"/>
  <testcase classname="day1.HTTPRequest" name="deleteUser" time="0.527"/>
</testsuite> <!-- Default test -->
